<?xml version="1.0" encoding="UTF-8"?>
<!-- Generated by org.testng.reporters.JUnitReportReporter -->
<testsuite hostname="DLLA05P3182" failures="0" tests="2" name="com.self.tests.LoginTest" time="15.933" errors="0" timestamp="22 Jul 2019 00:46:37 GMT" skipped="0">
  <testcase classname="com.self.tests.LoginTest" name="startApp" time="14.669"/>
  <testcase classname="com.self.tests.LoginTest" name="logout" time="1.264"/>
</testsuite> <!-- com.self.tests.LoginTest -->
